This is pdfTeX, Version 3.14159265-2.6-1.40.20 (MiKTeX 2.9.6980) (preloaded format=pdflatex 2019.4.2)  8 APR 2019 13:35
entering extended mode
**./notebook.tex
(notebook.tex
LaTeX2e <2018-12-01>
(/usr/local/share/miktex-texmf/tex/latex/base/book.cls
Document Class: book 2018/09/03 v1.4i Standard LaTeX document class
(/usr/local/share/miktex-texmf/tex/latex/base/bk12.clo
File: bk12.clo 2018/09/03 v1.4i Standard LaTeX file (size option)
)
\c@part=\count80
\c@chapter=\count81
\c@section=\count82
\c@subsection=\count83
\c@subsubsection=\count84
\c@paragraph=\count85
\c@subparagraph=\count86
\c@figure=\count87
\c@table=\count88
\abovecaptionskip=\skip41
\belowcaptionskip=\skip42
\bibindent=\dimen102
) (preamble.tex
(/usr/local/share/miktex-texmf/tex/latex/amsfonts/amsfonts.sty
Package: amsfonts 2013/01/14 v3.01 Basic AMSFonts support
\@emptytoks=\toks14
\symAMSa=\mathgroup4
\symAMSb=\mathgroup5
LaTeX Font Info:    Overwriting math alphabet `\mathfrak' in version `bold'
(Font)                  U/euf/m/n --> U/euf/b/n on input line 106.
)
(/usr/local/share/miktex-texmf/tex/latex/amsmath/amsmath.sty
Package: amsmath 2018/12/01 v2.17b AMS math features
\@mathmargin=\skip43

For additional information on amsmath, use the `?' option.
(/usr/local/share/miktex-texmf/tex/latex/amsmath/amstext.sty
Package: amstext 2000/06/29 v2.01 AMS text

(/usr/local/share/miktex-texmf/tex/latex/amsmath/amsgen.sty
File: amsgen.sty 1999/11/30 v2.0 generic functions
\@emptytoks=\toks15
\ex@=\dimen103
))
(/usr/local/share/miktex-texmf/tex/latex/amsmath/amsbsy.sty
Package: amsbsy 1999/11/29 v1.2d Bold Symbols
\pmbraise@=\dimen104
)
(/usr/local/share/miktex-texmf/tex/latex/amsmath/amsopn.sty
Package: amsopn 2016/03/08 v2.02 operator names
)
\inf@bad=\count89
LaTeX Info: Redefining \frac on input line 223.
\uproot@=\count90
\leftroot@=\count91
LaTeX Info: Redefining \overline on input line 385.
\classnum@=\count92
\DOTSCASE@=\count93
LaTeX Info: Redefining \ldots on input line 482.
LaTeX Info: Redefining \dots on input line 485.
LaTeX Info: Redefining \cdots on input line 606.
\Mathstrutbox@=\box27
\strutbox@=\box28
\big@size=\dimen105
LaTeX Font Info:    Redeclaring font encoding OML on input line 729.
LaTeX Font Info:    Redeclaring font encoding OMS on input line 730.
\macc@depth=\count94
\c@MaxMatrixCols=\count95
\dotsspace@=\muskip10
\c@parentequation=\count96
\dspbrk@lvl=\count97
\tag@help=\toks16
\row@=\count98
\column@=\count99
\maxfields@=\count100
\andhelp@=\toks17
\eqnshift@=\dimen106
\alignsep@=\dimen107
\tagshift@=\dimen108
\tagwidth@=\dimen109
\totwidth@=\dimen110
\lineht@=\dimen111
\@envbody=\toks18
\multlinegap=\skip44
\multlinetaggap=\skip45
\mathdisplay@stack=\toks19
LaTeX Info: Redefining \[ on input line 2844.
LaTeX Info: Redefining \] on input line 2845.
)
(/usr/local/share/miktex-texmf/tex/latex/amsfonts/amssymb.sty
Package: amssymb 2013/01/14 v3.01 AMS font symbols
)
(/usr/local/share/miktex-texmf/tex/latex/amscls/amsthm.sty
Package: amsthm 2017/10/31 v2.20.4
\thm@style=\toks20
\thm@bodyfont=\toks21
\thm@headfont=\toks22
\thm@notefont=\toks23
\thm@headpunct=\toks24
\thm@preskip=\skip46
\thm@postskip=\skip47
\thm@headsep=\skip48
\dth@everypar=\toks25
)
(/home/baocong/.miktex/texmfs/install/tex/latex/booktabs/booktabs.sty
Package: booktabs 2005/04/14 v1.61803 publication quality tables
\heavyrulewidth=\dimen112
\lightrulewidth=\dimen113
\cmidrulewidth=\dimen114
\belowrulesep=\dimen115
\belowbottomsep=\dimen116
\aboverulesep=\dimen117
\abovetopsep=\dimen118
\cmidrulesep=\dimen119
\cmidrulekern=\dimen120
\defaultaddspace=\dimen121
\@cmidla=\count101
\@cmidlb=\count102
\@aboverulesep=\dimen122
\@belowrulesep=\dimen123
\@thisruleclass=\count103
\@lastruleclass=\count104
\@thisrulewidth=\dimen124
)
(/home/baocong/.miktex/texmfs/install/tex/latex/caption/caption.sty
Package: caption 2018/10/06 v3.3-154 Customizing captions (AR)

(/home/baocong/.miktex/texmfs/install/tex/latex/caption/caption3.sty
Package: caption3 2018/09/12 v1.8c caption3 kernel (AR)
Package caption3 Info: TeX engine: e-TeX on input line 64.

(/usr/local/share/miktex-texmf/tex/latex/graphics/keyval.sty
Package: keyval 2014/10/28 v1.15 key=value parser (DPC)
\KV@toks@=\toks26
)
\captionmargin=\dimen125
\captionmargin@=\dimen126
\captionwidth=\dimen127
\caption@tempdima=\dimen128
\caption@indent=\dimen129
\caption@parindent=\dimen130
\caption@hangindent=\dimen131
)
\c@caption@flags=\count105
\c@ContinuedFloat=\count106
)
(/home/baocong/.miktex/texmfs/install/tex/latex/enumitem/enumitem.sty
Package: enumitem 2011/09/28 v3.5.2 Customized lists
\labelindent=\skip49
\enit@outerparindent=\dimen132
\enit@toks=\toks27
\enit@inbox=\box29
\enitdp@description=\count107
)
(/home/baocong/.miktex/texmfs/install/tex/latex/fancyhdr/fancyhdr.sty
Package: fancyhdr 2017/06/30 v3.9a Extensive control of page headers and footer
s
\f@nch@headwidth=\skip50
\f@nch@O@elh=\skip51
\f@nch@O@erh=\skip52
\f@nch@O@olh=\skip53
\f@nch@O@orh=\skip54
\f@nch@O@elf=\skip55
\f@nch@O@erf=\skip56
\f@nch@O@olf=\skip57
\f@nch@O@orf=\skip58
)
(/usr/local/share/miktex-texmf/tex/latex/float/float.sty
Package: float 2001/11/08 v1.3d Float enhancements (AL)
\c@float@type=\count108
\float@exts=\toks28
\float@box=\box30
\@float@everytoks=\toks29
\@floatcapt=\box31
)
(/usr/local/share/miktex-texmf/tex/latex/graphics/graphicx.sty
Package: graphicx 2017/06/01 v1.1a Enhanced LaTeX Graphics (DPC,SPQR)

(/usr/local/share/miktex-texmf/tex/latex/graphics/graphics.sty
Package: graphics 2017/06/25 v1.2c Standard LaTeX Graphics (DPC,SPQR)

(/usr/local/share/miktex-texmf/tex/latex/graphics/trig.sty
Package: trig 2016/01/03 v1.10 sin cos tan (DPC)
)
(/usr/local/share/miktex-texmf/tex/latex/graphics-cfg/graphics.cfg
File: graphics.cfg 2016/06/04 v1.11 sample graphics configuration
)
Package graphics Info: Driver file: pdftex.def on input line 99.

(/usr/local/share/miktex-texmf/tex/latex/graphics-def/pdftex.def
File: pdftex.def 2018/01/08 v1.0l Graphics/color driver for pdftex
))
\Gin@req@height=\dimen133
\Gin@req@width=\dimen134
)
(/usr/local/share/miktex-texmf/tex/latex/hyperref/hyperref.sty
Package: hyperref 2018/11/30 v6.88e Hypertext links for LaTeX

(/usr/local/share/miktex-texmf/tex/generic/oberdiek/hobsub-hyperref.sty
Package: hobsub-hyperref 2016/05/16 v1.14 Bundle oberdiek, subset hyperref (HO)


(/usr/local/share/miktex-texmf/tex/generic/oberdiek/hobsub-generic.sty
Package: hobsub-generic 2016/05/16 v1.14 Bundle oberdiek, subset generic (HO)
Package: hobsub 2016/05/16 v1.14 Construct package bundles (HO)
Package: infwarerr 2016/05/16 v1.4 Providing info/warning/error messages (HO)
Package: ltxcmds 2016/05/16 v1.23 LaTeX kernel commands for general use (HO)
Package: ifluatex 2016/05/16 v1.4 Provides the ifluatex switch (HO)
Package ifluatex Info: LuaTeX not detected.
Package: ifvtex 2016/05/16 v1.6 Detect VTeX and its facilities (HO)
Package ifvtex Info: VTeX not detected.
Package: intcalc 2016/05/16 v1.2 Expandable calculations with integers (HO)
Package: ifpdf 2018/09/07 v3.3 Provides the ifpdf switch
Package: etexcmds 2016/05/16 v1.6 Avoid name clashes with e-TeX commands (HO)
Package: kvsetkeys 2016/05/16 v1.17 Key value parser (HO)
Package: kvdefinekeys 2016/05/16 v1.4 Define keys (HO)
Package: pdftexcmds 2018/09/10 v0.29 Utility functions of pdfTeX for LuaTeX (HO
)
Package pdftexcmds Info: LuaTeX not detected.
Package pdftexcmds Info: \pdf@primitive is available.
Package pdftexcmds Info: \pdf@ifprimitive is available.
Package pdftexcmds Info: \pdfdraftmode found.
Package: pdfescape 2016/05/16 v1.14 Implements pdfTeX's escape features (HO)
Package: bigintcalc 2016/05/16 v1.4 Expandable calculations on big integers (HO
)
Package: bitset 2016/05/16 v1.2 Handle bit-vector datatype (HO)
Package: uniquecounter 2016/05/16 v1.3 Provide unlimited unique counter (HO)
)
Package hobsub Info: Skipping package `hobsub' (already loaded).
Package: letltxmacro 2016/05/16 v1.5 Let assignment for LaTeX macros (HO)
Package: hopatch 2016/05/16 v1.3 Wrapper for package hooks (HO)
Package: xcolor-patch 2016/05/16 xcolor patch
Package: atveryend 2016/05/16 v1.9 Hooks at the very end of document (HO)
Package atveryend Info: \enddocument detected (standard20110627).
Package: atbegshi 2016/06/09 v1.18 At begin shipout hook (HO)
Package: refcount 2016/05/16 v3.5 Data extraction from label references (HO)
Package: hycolor 2016/05/16 v1.8 Color options for hyperref/bookmark (HO)
)
(/usr/local/share/miktex-texmf/tex/generic/ifxetex/ifxetex.sty
Package: ifxetex 2010/09/12 v0.6 Provides ifxetex conditional
)
(/usr/local/share/miktex-texmf/tex/latex/oberdiek/auxhook.sty
Package: auxhook 2016/05/16 v1.4 Hooks for auxiliary files (HO)
)
(/usr/local/share/miktex-texmf/tex/latex/oberdiek/kvoptions.sty
Package: kvoptions 2016/05/16 v3.12 Key value format for package options (HO)
)
\@linkdim=\dimen135
\Hy@linkcounter=\count109
\Hy@pagecounter=\count110

(/usr/local/share/miktex-texmf/tex/latex/hyperref/pd1enc.def
File: pd1enc.def 2018/11/30 v6.88e Hyperref: PDFDocEncoding definition (HO)
Now handling font encoding PD1 ...
... no UTF-8 mapping file for font encoding PD1
)
\Hy@SavedSpaceFactor=\count111

(/usr/local/share/miktex-texmf/tex/latex/00miktex/hyperref.cfg
File: hyperref.cfg 2002/06/06 v1.2 hyperref configuration of TeXLive
)
Package hyperref Info: Hyper figures OFF on input line 4519.
Package hyperref Info: Link nesting OFF on input line 4524.
Package hyperref Info: Hyper index ON on input line 4527.
Package hyperref Info: Plain pages OFF on input line 4534.
Package hyperref Info: Backreferencing OFF on input line 4539.
Package hyperref Info: Implicit mode ON; LaTeX internals redefined.
Package hyperref Info: Bookmarks ON on input line 4772.
\c@Hy@tempcnt=\count112

(/home/baocong/.miktex/texmfs/install/tex/latex/url/url.sty
\Urlmuskip=\muskip11
Package: url 2013/09/16  ver 3.4  Verb mode for urls, etc.
)
LaTeX Info: Redefining \url on input line 5125.
\XeTeXLinkMargin=\dimen136
\Fld@menulength=\count113
\Field@Width=\dimen137
\Fld@charsize=\dimen138
Package hyperref Info: Hyper figures OFF on input line 6380.
Package hyperref Info: Link nesting OFF on input line 6385.
Package hyperref Info: Hyper index ON on input line 6388.
Package hyperref Info: backreferencing OFF on input line 6395.
Package hyperref Info: Link coloring OFF on input line 6400.
Package hyperref Info: Link coloring with OCG OFF on input line 6405.
Package hyperref Info: PDF/A mode OFF on input line 6410.
LaTeX Info: Redefining \ref on input line 6450.
LaTeX Info: Redefining \pageref on input line 6454.
\Hy@abspage=\count114
\c@Item=\count115
\c@Hfootnote=\count116
)
Package hyperref Info: Driver (autodetected): hpdftex.

(/usr/local/share/miktex-texmf/tex/latex/hyperref/hpdftex.def
File: hpdftex.def 2018/11/30 v6.88e Hyperref driver for pdfTeX
\Fld@listcount=\count117
\c@bookmark@seq@number=\count118

(/usr/local/share/miktex-texmf/tex/latex/oberdiek/rerunfilecheck.sty
Package: rerunfilecheck 2016/05/16 v1.8 Rerun checks for auxiliary files (HO)
Package uniquecounter Info: New unique counter `rerunfilecheck' on input line 2
82.
)
\Hy@SectionHShift=\skip59
)
(/home/baocong/.miktex/texmfs/install/tex/latex/lastpage/lastpage.sty
Package: lastpage 2015/03/29 v1.2m Refers to last page's name (HMM; JPG)
)
(/usr/local/share/miktex-texmf/tex/latex/base/latexsym.sty
Package: latexsym 1998/08/17 v2.2e Standard LaTeX package (lasy symbols)
\symlasy=\mathgroup6
LaTeX Font Info:    Overwriting symbol font `lasy' in version `bold'
(Font)                  U/lasy/m/n --> U/lasy/b/n on input line 52.
)
(/usr/local/share/miktex-texmf/tex/latex/multirow/multirow.sty
Package: multirow 2019/01/01 v2.4 Span multiple rows of a table
\multirow@colwidth=\skip60
\multirow@cntb=\count119
\multirow@dima=\skip61
\bigstrutjot=\dimen139
)
(/home/baocong/.miktex/texmfs/install/tex/latex/natbib/natbib.sty
Package: natbib 2010/09/13 8.31b (PWD, AO)
\bibhang=\skip62
\bibsep=\skip63
LaTeX Info: Redefining \cite on input line 694.
\c@NAT@ctr=\count120
)
(/home/baocong/.miktex/texmfs/install/tex/latex/caption/subcaption.sty
Package: subcaption 2018/05/01 v1.1-162 Sub-captions (AR)
\c@subfigure=\count121
\c@subtable=\count122
)
(/home/baocong/.miktex/texmfs/install/tex/latex/threeparttable/threeparttable.s
ty
Package: threeparttable 2003/06/13  v 3.0
\@tempboxb=\box32
) (/home/baocong/.miktex/texmfs/install/tex/latex/xcolor/xcolor.sty
Package: xcolor 2016/05/11 v2.12 LaTeX color extensions (UK)

(/usr/local/share/miktex-texmf/tex/latex/graphics-cfg/color.cfg
File: color.cfg 2016/01/02 v1.6 sample color configuration
)
Package xcolor Info: Driver file: pdftex.def on input line 225.
Package xcolor Info: Model `cmy' substituted by `cmy0' on input line 1348.
Package xcolor Info: Model `hsb' substituted by `rgb' on input line 1352.
Package xcolor Info: Model `RGB' extended on input line 1364.
Package xcolor Info: Model `HTML' substituted by `rgb' on input line 1366.
Package xcolor Info: Model `Hsb' substituted by `hsb' on input line 1367.
Package xcolor Info: Model `tHsb' substituted by `hsb' on input line 1368.
Package xcolor Info: Model `HSB' substituted by `hsb' on input line 1369.
Package xcolor Info: Model `Gray' substituted by `gray' on input line 1370.
Package xcolor Info: Model `wave' substituted by `hsb' on input line 1371.
)
Package hyperref Info: Option `final' set `true' on input line 63.
Package hyperref Info: Option `plainpages' set `false' on input line 63.
Package hyperref Info: Option `pdftoolbar' set `true' on input line 63.
Package hyperref Info: Option `pdfmenubar' set `true' on input line 63.
Package hyperref Info: Option `bookmarksopen' set `true' on input line 63.
Package hyperref Info: Option `bookmarksnumbered' set `true' on input line 63.
Package hyperref Info: Option `breaklinks' set `true' on input line 63.
Package hyperref Info: Option `linktocpage' set `true' on input line 63.
Package hyperref Info: Option `colorlinks' set `true' on input line 63.
)
(notebook.aux (Chapter01/chapter1.aux) (Chapter02/chapter2.aux)
(Chapter03/chapter3.aux) (Chapter04/chapter4.aux) (Chapter05/chapter5.aux)
(Chapter06/chapter6.aux) (Chapter07/chapter7.aux) (Chapter08/chapter8.aux)
(Chapter09/chapter9.aux) (Chapter10/chapter10.aux) (Chapter11/chapter11.aux)
(AppendixA/appendixA.aux))
\openout1 = `notebook.aux'.

LaTeX Font Info:    Checking defaults for OML/cmm/m/it on input line 12.
LaTeX Font Info:    ... okay on input line 12.
LaTeX Font Info:    Checking defaults for T1/cmr/m/n on input line 12.
LaTeX Font Info:    ... okay on input line 12.
LaTeX Font Info:    Checking defaults for OT1/cmr/m/n on input line 12.
LaTeX Font Info:    ... okay on input line 12.
LaTeX Font Info:    Checking defaults for OMS/cmsy/m/n on input line 12.
LaTeX Font Info:    ... okay on input line 12.
LaTeX Font Info:    Checking defaults for OMX/cmex/m/n on input line 12.
LaTeX Font Info:    ... okay on input line 12.
LaTeX Font Info:    Checking defaults for U/cmr/m/n on input line 12.
LaTeX Font Info:    ... okay on input line 12.
LaTeX Font Info:    Checking defaults for PD1/pdf/m/n on input line 12.
LaTeX Font Info:    ... okay on input line 12.
Package caption Info: Begin \AtBeginDocument code.
Package caption Info: float package is loaded.
Package caption Info: hyperref package is loaded.
Package caption Info: threeparttable package is loaded.
Package caption Info: End \AtBeginDocument code.

(/home/baocong/.miktex/texmfs/install/tex/context/base/supp-pdf.mkii
[Loading MPS to PDF converter (version 2006.09.02).]
\scratchcounter=\count123
\scratchdimen=\dimen140
\scratchbox=\box33
\nofMPsegments=\count124
\nofMParguments=\count125
\everyMPshowfont=\toks30
\MPscratchCnt=\count126
\MPscratchDim=\dimen141
\MPnumerator=\count127
\makeMPintoPDFobject=\count128
\everyMPtoPDFconversion=\toks31
) (/usr/local/share/miktex-texmf/tex/latex/oberdiek/epstopdf-base.sty
Package: epstopdf-base 2016/05/15 v2.6 Base part for package epstopdf

(/usr/local/share/miktex-texmf/tex/latex/oberdiek/grfext.sty
Package: grfext 2016/05/16 v1.2 Manage graphics extensions (HO)
)
Package epstopdf-base Info: Redefining graphics rule for `.eps' on input line 4
38.
Package grfext Info: Graphics extension search list:
(grfext)             [.pdf,.png,.jpg,.mps,.jpeg,.jbig2,.jb2,.PDF,.PNG,.JPG,.JPE
G,.JBIG2,.JB2,.eps]
(grfext)             \AppendGraphicsExtensions on input line 456.
)
\AtBeginShipoutBox=\box34
Package hyperref Info: Link coloring ON on input line 12.

(/usr/local/share/miktex-texmf/tex/latex/hyperref/nameref.sty
Package: nameref 2016/05/21 v2.44 Cross-referencing by name of section

(/usr/local/share/miktex-texmf/tex/generic/oberdiek/gettitlestring.sty
Package: gettitlestring 2016/05/16 v1.5 Cleanup title references (HO)
)
\c@section@level=\count129
)
LaTeX Info: Redefining \ref on input line 12.
LaTeX Info: Redefining \pageref on input line 12.
LaTeX Info: Redefining \nameref on input line 12.

(notebook.out) (notebook.out)
\@outlinefile=\write3
\openout3 = `notebook.out'.

Package lastpage Info: Please have a look at the pageslts package at
(lastpage)             https://www.ctan.org/pkg/pageslts
(lastpage)             ! on input line 12.
LaTeX Font Info:    Try loading font information for U+msa on input line 15.

(/usr/local/share/miktex-texmf/tex/latex/amsfonts/umsa.fd
File: umsa.fd 2013/01/14 v3.01 AMS symbols A
)
LaTeX Font Info:    Try loading font information for U+msb on input line 15.

(/usr/local/share/miktex-texmf/tex/latex/amsfonts/umsb.fd
File: umsb.fd 2013/01/14 v3.01 AMS symbols B
)
LaTeX Font Info:    Try loading font information for U+lasy on input line 15.

(/usr/local/share/miktex-texmf/tex/latex/base/ulasy.fd
File: ulasy.fd 1998/08/17 v2.2e LaTeX symbol font definitions
) [1


{/home/baocong/.miktex/texmfs/data/pdftex/config/pdftex.map}] (notebook.toc [1


] [2] [3])
\tf@toc=\write4
\openout4 = `notebook.toc'.

 [4]
\openout2 = `Chapter01/chapter1.aux'.


(Chapter01/chapter1.tex
Chapter 1.
)pdfTeX warning (ext4): destination with the same identifier (name{page.1}) has
 been already used, duplicate ignored
<to be read again> 
                   \relax 
l.22 	\include{Chapter01/chapter1}
                                   [1



]
\openout2 = `Chapter02/chapter2.aux'.

 (Chapter02/chapter2.tex
Chapter 2.
[2



] [3]
LaTeX Font Info:    Font shape `U/lasy/b/n' in size <8> not available
(Font)              Font shape `U/lasy/m/n' tried instead on input line 113.
LaTeX Font Info:    Font shape `U/lasy/b/n' in size <6> not available
(Font)              Font shape `U/lasy/m/n' tried instead on input line 113.
 [4] [5] [6] [7] [8] [9] [10] [11] [12] [13] [14] [15]) [16] [17]
\openout2 = `Chapter03/chapter3.aux'.


(Chapter03/chapter3.tex
Chapter 3.
[18



] [19] [20] [21] [22] [23] [24] [25]
Overfull \hbox (0.39732pt too wide) in paragraph at lines 287--288
[]\OT1/cmr/m/n/12 Define prior $\OML/cmm/m/it/12 P []$ \OT1/cmr/m/n/12 and then
 com-pute $\OML/cmm/m/it/12 P []$ \OT1/cmr/m/n/12 us-ing Bayes' rule $\OML/cmm/
m/it/12 P [] \OT1/cmr/m/n/12 = []$. 
 []

[26] [27]
Overfull \hbox (0.39732pt too wide) in paragraph at lines 355--356
[]\OT1/cmr/m/n/12 Define prior $\OML/cmm/m/it/12 P []$ \OT1/cmr/m/n/12 and then
 com-pute $\OML/cmm/m/it/12 P []$ \OT1/cmr/m/n/12 us-ing Bayes' rule $\OML/cmm/
m/it/12 P [] \OT1/cmr/m/n/12 = []$. 
 []

) [28] [29]
\openout2 = `Chapter04/chapter4.aux'.

 (Chapter04/chapter4.tex
Chapter 4.
) [30



]
\openout2 = `Chapter05/chapter5.aux'.

 (Chapter05/chapter5.tex
Chapter 5.
) [31



]
\openout2 = `Chapter06/chapter6.aux'.

 (Chapter06/chapter6.tex
Chapter 6.

Overfull \hbox (12.63712pt too wide) in paragraph at lines 13--14
[]\OT1/cmr/m/n/12 Learning with Max-i-mum Like-li-hood: $[] = [][] \OML/cmm/m/i
t/12 P [] \OT1/cmr/m/n/12 = [][] [] \OML/cmm/m/it/12 P []$\OT1/cmr/m/n/12 ,
 []

LaTeX Font Info:    Font shape `U/lasy/b/n' in size <7> not available
(Font)              Font shape `U/lasy/m/n' tried instead on input line 22.
[32



]) [33]
\openout2 = `Chapter07/chapter7.aux'.

 (Chapter07/chapter7.tex
Chapter 7.
) [34



]
\openout2 = `Chapter08/chapter8.aux'.

 (Chapter08/chapter8.tex
Chapter 8.
) [35



]
\openout2 = `Chapter09/chapter9.aux'.

 (Chapter09/chapter9.tex
Chapter 9.
) [36



]
\openout2 = `Chapter10/chapter10.aux'.

 (Chapter10/chapter10.tex
Chapter 10.
) [37



]
\openout2 = `Chapter11/chapter11.aux'.

 (Chapter11/chapter11.tex
Chapter 11.
<Chapter11/Figs/fig1.png, id=1001, 633.86812pt x 279.29344pt>
File: Chapter11/Figs/fig1.png Graphic file (type png)
<use Chapter11/Figs/fig1.png>
Package pdftex.def Info: Chapter11/Figs/fig1.png  used on input line 24.
(pdftex.def)             Requested size: 234.87749pt x 103.49037pt.
[38



 <./Chapter11/Figs/fig1.png (PNG copy)>]
<Chapter11/Figs/fig2.png, id=1010, 305.64188pt x 220.57407pt>
File: Chapter11/Figs/fig2.png Graphic file (type png)
<use Chapter11/Figs/fig2.png>
Package pdftex.def Info: Chapter11/Figs/fig2.png  used on input line 37.
(pdftex.def)             Requested size: 117.43874pt x 84.7513pt.
<Chapter11/Figs/fig3.png, id=1012, 291.33844pt x 213.04594pt>
File: Chapter11/Figs/fig3.png Graphic file (type png)
<use Chapter11/Figs/fig3.png>
Package pdftex.def Info: Chapter11/Figs/fig3.png  used on input line 52.
(pdftex.def)             Requested size: 105.69415pt x 77.28812pt.
<Chapter11/Figs/fig4.png, id=1014, 293.59688pt x 210.7875pt>
File: Chapter11/Figs/fig4.png Graphic file (type png)
<use Chapter11/Figs/fig4.png>
Package pdftex.def Info: Chapter11/Figs/fig4.png  used on input line 57.
(pdftex.def)             Requested size: 105.69415pt x 75.88344pt.
<Chapter11/Figs/fig5.png, id=1016, 289.08pt x 213.04594pt>
File: Chapter11/Figs/fig5.png Graphic file (type png)
<use Chapter11/Figs/fig5.png>
Package pdftex.def Info: Chapter11/Figs/fig5.png  used on input line 72.
(pdftex.def)             Requested size: 105.69415pt x 77.89278pt.
<Chapter11/Figs/fig6.png, id=1018, 288.3272pt x 211.54031pt>
File: Chapter11/Figs/fig6.png Graphic file (type png)
<use Chapter11/Figs/fig6.png>
Package pdftex.def Info: Chapter11/Figs/fig6.png  used on input line 77.
(pdftex.def)             Requested size: 105.69415pt x 77.54564pt.


LaTeX Warning: `h' float specifier changed to `ht'.

[39 <./Chapter11/Figs/fig2.png (PNG copy)> <./Chapter11/Figs/fig3.png (PNG copy
)> <./Chapter11/Figs/fig4.png (PNG copy)>]
<Chapter11/Figs/fig7.png, id=1029, 387.69844pt x 317.68687pt>
File: Chapter11/Figs/fig7.png Graphic file (type png)
<use Chapter11/Figs/fig7.png>
Package pdftex.def Info: Chapter11/Figs/fig7.png  used on input line 91.
(pdftex.def)             Requested size: 112.74062pt x 92.37889pt.

Overfull \hbox (20.23589pt too wide) in paragraph at lines 89--96
[]$[]$ $[]$ 
 []

<Chapter11/Figs/fig8.png, id=1031, 338.01282pt x 165.61874pt>
File: Chapter11/Figs/fig8.png Graphic file (type png)
<use Chapter11/Figs/fig8.png>
Package pdftex.def Info: Chapter11/Figs/fig8.png  used on input line 106.
(pdftex.def)             Requested size: 117.43874pt x 57.54286pt.

LaTeX Warning: `h' float specifier changed to `ht'.

<Chapter11/Figs/fig9.png, id=1033, 1113.40968pt x 281.55188pt>
File: Chapter11/Figs/fig9.png Graphic file (type png)
<use Chapter11/Figs/fig9.png>
Package pdftex.def Info: Chapter11/Figs/fig9.png  used on input line 115.
(pdftex.def)             Requested size: 469.75499pt x 118.788pt.
[40 <./Chapter11/Figs/fig5.png (PNG copy)> <./Chapter11/Figs/fig6.png (PNG copy
)> <./Chapter11/Figs/fig7.png (PNG copy)>]
Overfull \hbox (35.59346pt too wide) in paragraph at lines 123--124
\OT1/cmr/m/n/12 In (d) the vari-ables A, B are con-di-tion-ally de-pen-dent giv
en C, $\OML/cmm/m/it/12 P [] \U/msa/m/n/12 _ \OML/cmm/m/it/12 P [] P [] P []$\O
T1/cmr/m/n/12 . 
 []

<Chapter11/Figs/fig10.png, id=1043, 1110.39844pt x 272.51813pt>
File: Chapter11/Figs/fig10.png Graphic file (type png)
<use Chapter11/Figs/fig10.png>
Package pdftex.def Info: Chapter11/Figs/fig10.png  used on input line 128.
(pdftex.def)             Requested size: 469.75499pt x 115.28848pt.
<Chapter11/Figs/fig11.png, id=1045, 238.64156pt x 150.5625pt>
File: Chapter11/Figs/fig11.png Graphic file (type png)
<use Chapter11/Figs/fig11.png>
Package pdftex.def Info: Chapter11/Figs/fig11.png  used on input line 139.
(pdftex.def)             Requested size: 112.74062pt x 71.12965pt.
<Chapter11/Figs/fig12.png, id=1047, 236.38312pt x 149.05687pt>
File: Chapter11/Figs/fig12.png Graphic file (type png)
<use Chapter11/Figs/fig12.png>
Package pdftex.def Info: Chapter11/Figs/fig12.png  used on input line 146.
(pdftex.def)             Requested size: 112.74062pt x 71.0916pt.

Overfull \hbox (2.61107pt too wide) in paragraph at lines 137--151
$[]$ $[]$
 []


Overfull \hbox (2.61107pt too wide) in paragraph at lines 137--151
[]$ $[]$ 
 []

[41 <./Chapter11/Figs/fig8.png (PNG copy)> <./Chapter11/Figs/fig9.png (PNG copy
)> <./Chapter11/Figs/fig10.png (PNG copy)>] [42 <./Chapter11/Figs/fig11.png (PN
G copy)> <./Chapter11/Figs/fig12.png (PNG copy)>]
<Chapter11/Figs/fig13.png, id=1077, 269.50688pt x 292.84406pt>
File: Chapter11/Figs/fig13.png Graphic file (type png)
<use Chapter11/Figs/fig13.png>
Package pdftex.def Info: Chapter11/Figs/fig13.png  used on input line 189.
(pdftex.def)             Requested size: 93.94955pt x 102.08585pt.

Overfull \hbox (20.23589pt too wide) in paragraph at lines 187--197
[]$[]$ $[]$ 
 []

<Chapter11/Figs/fig14.png, id=1079, 286.82156pt x 281.55188pt>
File: Chapter11/Figs/fig14.png Graphic file (type png)
<use Chapter11/Figs/fig14.png>
Package pdftex.def Info: Chapter11/Figs/fig14.png  used on input line 203.
(pdftex.def)             Requested size: 150.31987pt x 147.55917pt.

Overfull \hbox (2.8135pt too wide) detected at line 212
[]
 []


Overfull \hbox (5.42458pt too wide) in paragraph at lines 201--214
$[]$ $[]$ 
 []

) [43 <./Chapter11/Figs/fig13.png (PNG copy)> <./Chapter11/Figs/fig14.png (PNG 
copy)>] [44]
\openout2 = `AppendixA/appendixA.aux'.

 (AppendixA/appendixA.tex
Appendix A.
[45



]
LaTeX Font Info:    Try loading font information for OMS+cmr on input line 28.
 (/usr/local/share/miktex-texmf/tex/latex/base/omscmr.fd
File: omscmr.fd 2014/09/29 v2.5h Standard LaTeX font definitions
)
LaTeX Font Info:    Font shape `OMS/cmr/m/n' in size <12> not available
(Font)              Font shape `OMS/cmsy/m/n' tried instead on input line 28.
) [46]

AED: lastpage setting LastPage
Package atveryend Info: Empty hook `BeforeClearDocument' on input line 45.
Package atveryend Info: Empty hook `AfterLastShipout' on input line 45.
(notebook.aux (Chapter01/chapter1.aux) (Chapter02/chapter2.aux)
(Chapter03/chapter3.aux) (Chapter04/chapter4.aux) (Chapter05/chapter5.aux)
(Chapter06/chapter6.aux) (Chapter07/chapter7.aux) (Chapter08/chapter8.aux)
(Chapter09/chapter9.aux) (Chapter10/chapter10.aux) (Chapter11/chapter11.aux)
(AppendixA/appendixA.aux))
Package atveryend Info: Executing hook `AtVeryEndDocument' on input line 45.
Package atveryend Info: Executing hook `AtEndAfterFileList' on input line 45.
Package rerunfilecheck Info: File `notebook.out' has not changed.
(rerunfilecheck)             Checksum: 13BEDF24400019AC5ECD0785EE7431CB;8448.
Package atveryend Info: Empty hook `AtVeryVeryEnd' on input line 45.
 ) 
Here is how much of TeX's memory you used:
 9459 strings out of 492947
 138074 string characters out of 3134743
 238681 words of memory out of 3000000
 12691 multiletter control sequences out of 15000+200000
 23901 words of font info for 98 fonts, out of 3000000 for 9000
 1141 hyphenation exceptions out of 8191
 38i,17n,43p,734b,584s stack positions out of 5000i,500n,10000p,200000b,50000s
</usr/local/share/miktex-texmf/fonts/type1/public/amsfonts/cm/cmbsy10.pfb></u
sr/local/share/miktex-texmf/fonts/type1/public/amsfonts/cm/cmbx12.pfb></usr/loc
al/share/miktex-texmf/fonts/type1/public/amsfonts/cm/cmbx6.pfb></usr/local/shar
e/miktex-texmf/fonts/type1/public/amsfonts/cm/cmbx8.pfb></usr/local/share/mikte
x-texmf/fonts/type1/public/amsfonts/cm/cmex10.pfb></usr/local/share/miktex-texm
f/fonts/type1/public/amsfonts/cmextra/cmex8.pfb></usr/local/share/miktex-texmf/
fonts/type1/public/amsfonts/cm/cmmi12.pfb></usr/local/share/miktex-texmf/fonts/
type1/public/amsfonts/cm/cmmi6.pfb></usr/local/share/miktex-texmf/fonts/type1/p
ublic/amsfonts/cm/cmmi8.pfb></usr/local/share/miktex-texmf/fonts/type1/public/a
msfonts/cm/cmmib10.pfb></usr/local/share/miktex-texmf/fonts/type1/public/amsfon
ts/cmextra/cmmib8.pfb></usr/local/share/miktex-texmf/fonts/type1/public/amsfont
s/cm/cmr10.pfb></usr/local/share/miktex-texmf/fonts/type1/public/amsfonts/cm/cm
r12.pfb></usr/local/share/miktex-texmf/fonts/type1/public/amsfonts/cm/cmr6.pfb>
</usr/local/share/miktex-texmf/fonts/type1/public/amsfonts/cm/cmr8.pfb></usr/lo
cal/share/miktex-texmf/fonts/type1/public/amsfonts/cm/cmsy10.pfb></usr/local/sh
are/miktex-texmf/fonts/type1/public/amsfonts/cm/cmsy6.pfb></usr/local/share/mik
tex-texmf/fonts/type1/public/amsfonts/cm/cmsy8.pfb></usr/local/share/miktex-tex
mf/fonts/type1/public/amsfonts/cm/cmti12.pfb></usr/local/share/miktex-texmf/fon
ts/type1/public/amsfonts/cm/cmtt12.pfb></usr/local/share/miktex-texmf/fonts/typ
e1/public/amsfonts/symbols/msam10.pfb></usr/local/share/miktex-texmf/fonts/type
1/public/amsfonts/symbols/msbm10.pfb>
Output written on notebook.pdf (51 pages, 740961 bytes).
PDF statistics:
 1269 PDF objects out of 1440 (max. 8388607)
 413 named destinations out of 1000 (max. 500000)
 1099 words of extra memory for PDF output out of 10000 (max. 10000000)

